[2026-01-11T05:41:52.658+0000] {manager.py:469} INFO - Processing files using up to 1 processes at a time 
[2026-01-11T05:41:52.659+0000] {manager.py:470} INFO - Process each file at most once every 30 seconds
[2026-01-11T05:41:52.659+0000] {manager.py:471} INFO - Checking for new files in /opt/airflow/dags every 300 seconds
[2026-01-11T05:41:52.660+0000] {manager.py:738} INFO - Searching for files in /opt/airflow/dags
[2026-01-11T05:41:52.662+0000] {manager.py:741} INFO - There are 1 files in /opt/airflow/dags
[2026-01-11T05:41:53.079+0000] {manager.py:879} INFO - 
================================================================================
DAG File Processing Stats

File Path                               PID    Runtime      # DAGs    # Errors  Last Runtime    Last Run
--------------------------------------  -----  ---------  --------  ----------  --------------  -------------------
/opt/airflow/dags/exchange_rate_dag.py                           1           0  0.32s           2026-01-11T05:41:53
================================================================================
[2026-01-11T05:42:24.204+0000] {manager.py:879} INFO - 
================================================================================
DAG File Processing Stats

File Path                               PID    Runtime      # DAGs    # Errors  Last Runtime    Last Run
--------------------------------------  -----  ---------  --------  ----------  --------------  -------------------
/opt/airflow/dags/exchange_rate_dag.py                           1           0  0.22s           2026-01-11T05:42:24
================================================================================
[2026-01-11T05:42:54.604+0000] {manager.py:879} INFO - 
================================================================================
DAG File Processing Stats

File Path                               PID    Runtime      # DAGs    # Errors  Last Runtime    Last Run
--------------------------------------  -----  ---------  --------  ----------  --------------  -------------------
/opt/airflow/dags/exchange_rate_dag.py                           1           0  0.21s           2026-01-11T05:42:54
================================================================================
[2026-01-11T05:43:34.247+0000] {manager.py:879} INFO - 
================================================================================
DAG File Processing Stats

File Path                               PID    Runtime      # DAGs    # Errors  Last Runtime    Last Run
--------------------------------------  -----  ---------  --------  ----------  --------------  -------------------
/opt/airflow/dags/exchange_rate_dag.py                           1           0  0.22s           2026-01-11T05:43:34
================================================================================
[2026-01-11T05:44:04.611+0000] {manager.py:879} INFO - 
================================================================================
DAG File Processing Stats

File Path                               PID    Runtime      # DAGs    # Errors  Last Runtime    Last Run
--------------------------------------  -----  ---------  --------  ----------  --------------  -------------------
/opt/airflow/dags/exchange_rate_dag.py                           1           0  0.13s           2026-01-11T05:44:04
================================================================================
[2026-01-11T05:44:35.219+0000] {manager.py:879} INFO - 
================================================================================
DAG File Processing Stats

File Path                               PID    Runtime      # DAGs    # Errors  Last Runtime    Last Run
--------------------------------------  -----  ---------  --------  ----------  --------------  -------------------
/opt/airflow/dags/exchange_rate_dag.py                           1           0  0.13s           2026-01-11T05:44:35
================================================================================
[2026-01-11T05:45:05.788+0000] {manager.py:879} INFO - 
================================================================================
DAG File Processing Stats

File Path                               PID    Runtime      # DAGs    # Errors  Last Runtime    Last Run
--------------------------------------  -----  ---------  --------  ----------  --------------  -------------------
/opt/airflow/dags/exchange_rate_dag.py                           1           0  0.13s           2026-01-11T05:45:05
================================================================================
[2026-01-11T05:45:36.208+0000] {manager.py:879} INFO - 
================================================================================
DAG File Processing Stats

File Path                               PID    Runtime      # DAGs    # Errors  Last Runtime    Last Run
--------------------------------------  -----  ---------  --------  ----------  --------------  -------------------
/opt/airflow/dags/exchange_rate_dag.py                           1           0  0.22s           2026-01-11T05:45:36
================================================================================
[2026-01-11T05:46:06.950+0000] {manager.py:879} INFO - 
================================================================================
DAG File Processing Stats

File Path                               PID    Runtime      # DAGs    # Errors  Last Runtime    Last Run
--------------------------------------  -----  ---------  --------  ----------  --------------  -------------------
/opt/airflow/dags/exchange_rate_dag.py                           1           0  0.12s           2026-01-11T05:46:06
================================================================================
[2026-01-11T05:46:37.618+0000] {manager.py:879} INFO - 
================================================================================
DAG File Processing Stats

File Path                               PID    Runtime      # DAGs    # Errors  Last Runtime    Last Run
--------------------------------------  -----  ---------  --------  ----------  --------------  -------------------
/opt/airflow/dags/exchange_rate_dag.py                           1           0  0.13s           2026-01-11T05:46:37
================================================================================
[2026-01-11T05:46:52.662+0000] {manager.py:738} INFO - Searching for files in /opt/airflow/dags
[2026-01-11T05:46:52.665+0000] {manager.py:741} INFO - There are 1 files in /opt/airflow/dags
[2026-01-11T05:47:07.876+0000] {manager.py:879} INFO - 
================================================================================
DAG File Processing Stats

File Path                               PID    Runtime      # DAGs    # Errors  Last Runtime    Last Run
--------------------------------------  -----  ---------  --------  ----------  --------------  -------------------
/opt/airflow/dags/exchange_rate_dag.py                           1           0  0.12s           2026-01-11T05:47:07
================================================================================
[2026-01-11T05:47:38.159+0000] {manager.py:879} INFO - 
================================================================================
DAG File Processing Stats

File Path                               PID    Runtime      # DAGs    # Errors  Last Runtime    Last Run
--------------------------------------  -----  ---------  --------  ----------  --------------  -------------------
/opt/airflow/dags/exchange_rate_dag.py                           1           0  0.13s           2026-01-11T05:47:38
================================================================================
[2026-01-11T05:48:08.330+0000] {manager.py:879} INFO - 
================================================================================
DAG File Processing Stats

File Path                               PID    Runtime      # DAGs    # Errors  Last Runtime    Last Run
--------------------------------------  -----  ---------  --------  ----------  --------------  -------------------
/opt/airflow/dags/exchange_rate_dag.py                           1           0  0.12s           2026-01-11T05:48:08
================================================================================
[2026-01-11T05:48:40.132+0000] {manager.py:879} INFO - 
================================================================================
DAG File Processing Stats

File Path                               PID    Runtime      # DAGs    # Errors  Last Runtime    Last Run
--------------------------------------  -----  ---------  --------  ----------  --------------  -------------------
/opt/airflow/dags/exchange_rate_dag.py                           1           0  0.11s           2026-01-11T05:48:40
================================================================================
[2026-01-11T05:49:10.503+0000] {manager.py:879} INFO - 
================================================================================
DAG File Processing Stats

File Path                               PID    Runtime      # DAGs    # Errors  Last Runtime    Last Run
--------------------------------------  -----  ---------  --------  ----------  --------------  -------------------
/opt/airflow/dags/exchange_rate_dag.py                           1           0  0.12s           2026-01-11T05:49:10
================================================================================
[2026-01-11T05:49:41.062+0000] {manager.py:879} INFO - 
================================================================================
DAG File Processing Stats

File Path                               PID    Runtime      # DAGs    # Errors  Last Runtime    Last Run
--------------------------------------  -----  ---------  --------  ----------  --------------  -------------------
/opt/airflow/dags/exchange_rate_dag.py                           1           0  0.13s           2026-01-11T05:49:41
================================================================================
[2026-01-11T05:50:11.607+0000] {manager.py:879} INFO - 
================================================================================
DAG File Processing Stats

File Path                               PID    Runtime      # DAGs    # Errors  Last Runtime    Last Run
--------------------------------------  -----  ---------  --------  ----------  --------------  -------------------
/opt/airflow/dags/exchange_rate_dag.py                           1           0  0.12s           2026-01-11T05:50:11
================================================================================
[2026-01-11T05:50:41.847+0000] {manager.py:879} INFO - 
================================================================================
DAG File Processing Stats

File Path                               PID    Runtime      # DAGs    # Errors  Last Runtime    Last Run
--------------------------------------  -----  ---------  --------  ----------  --------------  -------------------
/opt/airflow/dags/exchange_rate_dag.py                           1           0  0.12s           2026-01-11T05:50:41
================================================================================
[2026-01-11T05:51:12.081+0000] {manager.py:879} INFO - 
================================================================================
DAG File Processing Stats

File Path                               PID    Runtime      # DAGs    # Errors  Last Runtime    Last Run
--------------------------------------  -----  ---------  --------  ----------  --------------  -------------------
/opt/airflow/dags/exchange_rate_dag.py                           1           0  0.12s           2026-01-11T05:51:12
================================================================================
[2026-01-11T05:51:42.342+0000] {manager.py:879} INFO - 
================================================================================
DAG File Processing Stats

File Path                               PID    Runtime      # DAGs    # Errors  Last Runtime    Last Run
--------------------------------------  -----  ---------  --------  ----------  --------------  -------------------
/opt/airflow/dags/exchange_rate_dag.py                           1           0  0.13s           2026-01-11T05:51:42
================================================================================
[2026-01-11T05:51:52.775+0000] {manager.py:738} INFO - Searching for files in /opt/airflow/dags
[2026-01-11T05:51:52.778+0000] {manager.py:741} INFO - There are 1 files in /opt/airflow/dags
[2026-01-11T05:52:12.571+0000] {manager.py:879} INFO - 
================================================================================
DAG File Processing Stats

File Path                               PID    Runtime      # DAGs    # Errors  Last Runtime    Last Run
--------------------------------------  -----  ---------  --------  ----------  --------------  -------------------
/opt/airflow/dags/exchange_rate_dag.py                           1           0  0.11s           2026-01-11T05:52:12
================================================================================
[2026-01-11T05:52:42.826+0000] {manager.py:879} INFO - 
================================================================================
DAG File Processing Stats

File Path                               PID    Runtime      # DAGs    # Errors  Last Runtime    Last Run
--------------------------------------  -----  ---------  --------  ----------  --------------  -------------------
/opt/airflow/dags/exchange_rate_dag.py                           1           0  0.12s           2026-01-11T05:52:42
================================================================================
[2026-01-11T05:53:13.145+0000] {manager.py:879} INFO - 
================================================================================
DAG File Processing Stats

File Path                               PID    Runtime      # DAGs    # Errors  Last Runtime    Last Run
--------------------------------------  -----  ---------  --------  ----------  --------------  -------------------
/opt/airflow/dags/exchange_rate_dag.py                           1           0  0.21s           2026-01-11T05:53:13
================================================================================
[2026-01-11T05:53:44.390+0000] {manager.py:879} INFO - 
================================================================================
DAG File Processing Stats

File Path                               PID    Runtime      # DAGs    # Errors  Last Runtime    Last Run
--------------------------------------  -----  ---------  --------  ----------  --------------  -------------------
/opt/airflow/dags/exchange_rate_dag.py                           1           0  0.22s           2026-01-11T05:53:44
================================================================================
[2026-01-11T05:54:14.648+0000] {manager.py:879} INFO - 
================================================================================
DAG File Processing Stats

File Path                               PID    Runtime      # DAGs    # Errors  Last Runtime    Last Run
--------------------------------------  -----  ---------  --------  ----------  --------------  -------------------
/opt/airflow/dags/exchange_rate_dag.py                           1           0  0.22s           2026-01-11T05:54:14
================================================================================
[2026-01-11T05:54:44.873+0000] {manager.py:879} INFO - 
================================================================================
DAG File Processing Stats

File Path                               PID    Runtime      # DAGs    # Errors  Last Runtime    Last Run
--------------------------------------  -----  ---------  --------  ----------  --------------  -------------------
/opt/airflow/dags/exchange_rate_dag.py                           1           0  0.21s           2026-01-11T05:54:44
================================================================================
[2026-01-11T05:55:15.150+0000] {manager.py:879} INFO - 
================================================================================
DAG File Processing Stats

File Path                               PID    Runtime      # DAGs    # Errors  Last Runtime    Last Run
--------------------------------------  -----  ---------  --------  ----------  --------------  -------------------
/opt/airflow/dags/exchange_rate_dag.py                           1           0  0.23s           2026-01-11T05:55:15
================================================================================
[2026-01-11T05:55:45.479+0000] {manager.py:879} INFO - 
================================================================================
DAG File Processing Stats

File Path                               PID    Runtime      # DAGs    # Errors  Last Runtime    Last Run
--------------------------------------  -----  ---------  --------  ----------  --------------  -------------------
/opt/airflow/dags/exchange_rate_dag.py                           1           0  0.21s           2026-01-11T05:55:45
================================================================================
[2026-01-11T05:56:16.142+0000] {manager.py:879} INFO - 
================================================================================
DAG File Processing Stats

File Path                               PID    Runtime      # DAGs    # Errors  Last Runtime    Last Run
--------------------------------------  -----  ---------  --------  ----------  --------------  -------------------
/opt/airflow/dags/exchange_rate_dag.py                           1           0  0.22s           2026-01-11T05:56:16
================================================================================
[2026-01-11T05:56:46.696+0000] {manager.py:879} INFO - 
================================================================================
DAG File Processing Stats

File Path                               PID    Runtime      # DAGs    # Errors  Last Runtime    Last Run
--------------------------------------  -----  ---------  --------  ----------  --------------  -------------------
/opt/airflow/dags/exchange_rate_dag.py                           1           0  0.21s           2026-01-11T05:56:46
================================================================================
[2026-01-11T05:56:52.852+0000] {manager.py:738} INFO - Searching for files in /opt/airflow/dags
[2026-01-11T05:56:52.862+0000] {manager.py:741} INFO - There are 1 files in /opt/airflow/dags
[2026-01-11T05:57:17.249+0000] {manager.py:879} INFO - 
================================================================================
DAG File Processing Stats

File Path                               PID    Runtime      # DAGs    # Errors  Last Runtime    Last Run
--------------------------------------  -----  ---------  --------  ----------  --------------  -------------------
/opt/airflow/dags/exchange_rate_dag.py                           1           0  0.13s           2026-01-11T05:57:17
================================================================================
[2026-01-11T05:57:47.908+0000] {manager.py:879} INFO - 
================================================================================
DAG File Processing Stats

File Path                               PID    Runtime      # DAGs    # Errors  Last Runtime    Last Run
--------------------------------------  -----  ---------  --------  ----------  --------------  -------------------
/opt/airflow/dags/exchange_rate_dag.py                           1           0  0.23s           2026-01-11T05:57:47
================================================================================
[2026-01-11T05:58:18.249+0000] {manager.py:879} INFO - 
================================================================================
DAG File Processing Stats

File Path                               PID    Runtime      # DAGs    # Errors  Last Runtime    Last Run
--------------------------------------  -----  ---------  --------  ----------  --------------  -------------------
/opt/airflow/dags/exchange_rate_dag.py                           1           0  0.22s           2026-01-11T05:58:18
================================================================================
[2026-01-11T05:58:48.899+0000] {manager.py:879} INFO - 
================================================================================
DAG File Processing Stats

File Path                               PID    Runtime      # DAGs    # Errors  Last Runtime    Last Run
--------------------------------------  -----  ---------  --------  ----------  --------------  -------------------
/opt/airflow/dags/exchange_rate_dag.py                           1           0  0.22s           2026-01-11T05:58:48
================================================================================
[2026-01-11T05:59:19.525+0000] {manager.py:879} INFO - 
================================================================================
DAG File Processing Stats

File Path                               PID    Runtime      # DAGs    # Errors  Last Runtime    Last Run
--------------------------------------  -----  ---------  --------  ----------  --------------  -------------------
/opt/airflow/dags/exchange_rate_dag.py                           1           0  0.22s           2026-01-11T05:59:19
================================================================================
[2026-01-11T05:59:49.800+0000] {manager.py:879} INFO - 
================================================================================
DAG File Processing Stats

File Path                               PID    Runtime      # DAGs    # Errors  Last Runtime    Last Run
--------------------------------------  -----  ---------  --------  ----------  --------------  -------------------
/opt/airflow/dags/exchange_rate_dag.py                           1           0  0.22s           2026-01-11T05:59:49
================================================================================
[2026-01-11T06:00:20.075+0000] {manager.py:879} INFO - 
================================================================================
DAG File Processing Stats

File Path                               PID    Runtime      # DAGs    # Errors  Last Runtime    Last Run
--------------------------------------  -----  ---------  --------  ----------  --------------  -------------------
/opt/airflow/dags/exchange_rate_dag.py                           1           0  0.22s           2026-01-11T06:00:20
================================================================================
[2026-01-11T06:00:50.597+0000] {manager.py:879} INFO - 
================================================================================
DAG File Processing Stats

File Path                               PID    Runtime      # DAGs    # Errors  Last Runtime    Last Run
--------------------------------------  -----  ---------  --------  ----------  --------------  -------------------
/opt/airflow/dags/exchange_rate_dag.py                           1           0  0.22s           2026-01-11T06:00:50
================================================================================
[2026-01-11T06:01:21.093+0000] {manager.py:879} INFO - 
================================================================================
DAG File Processing Stats

File Path                               PID    Runtime      # DAGs    # Errors  Last Runtime    Last Run
--------------------------------------  -----  ---------  --------  ----------  --------------  -------------------
/opt/airflow/dags/exchange_rate_dag.py                           1           0  0.22s           2026-01-11T06:01:21
================================================================================
[2026-01-11T06:01:51.560+0000] {manager.py:879} INFO - 
================================================================================
DAG File Processing Stats

File Path                               PID    Runtime      # DAGs    # Errors  Last Runtime    Last Run
--------------------------------------  -----  ---------  --------  ----------  --------------  -------------------
/opt/airflow/dags/exchange_rate_dag.py                           1           0  0.22s           2026-01-11T06:01:51
================================================================================
[2026-01-11T06:01:52.945+0000] {manager.py:738} INFO - Searching for files in /opt/airflow/dags
[2026-01-11T06:01:52.948+0000] {manager.py:741} INFO - There are 1 files in /opt/airflow/dags
[2026-01-11T06:02:22.019+0000] {manager.py:879} INFO - 
================================================================================
DAG File Processing Stats

File Path                               PID    Runtime      # DAGs    # Errors  Last Runtime    Last Run
--------------------------------------  -----  ---------  --------  ----------  --------------  -------------------
/opt/airflow/dags/exchange_rate_dag.py                           1           0  0.21s           2026-01-11T06:02:22
================================================================================
[2026-01-11T06:02:52.434+0000] {manager.py:879} INFO - 
================================================================================
DAG File Processing Stats

File Path                               PID    Runtime      # DAGs    # Errors  Last Runtime    Last Run
--------------------------------------  -----  ---------  --------  ----------  --------------  -------------------
/opt/airflow/dags/exchange_rate_dag.py                           1           0  0.22s           2026-01-11T06:02:52
================================================================================
[2026-01-11T06:03:22.844+0000] {manager.py:879} INFO - 
================================================================================
DAG File Processing Stats

File Path                               PID    Runtime      # DAGs    # Errors  Last Runtime    Last Run
--------------------------------------  -----  ---------  --------  ----------  --------------  -------------------
/opt/airflow/dags/exchange_rate_dag.py                           1           0  0.23s           2026-01-11T06:03:22
================================================================================
[2026-01-11T06:03:53.267+0000] {manager.py:879} INFO - 
================================================================================
DAG File Processing Stats

File Path                               PID    Runtime      # DAGs    # Errors  Last Runtime    Last Run
--------------------------------------  -----  ---------  --------  ----------  --------------  -------------------
/opt/airflow/dags/exchange_rate_dag.py                           1           0  0.22s           2026-01-11T06:03:53
================================================================================
[2026-01-11T06:04:23.723+0000] {manager.py:879} INFO - 
================================================================================
DAG File Processing Stats

File Path                               PID    Runtime      # DAGs    # Errors  Last Runtime    Last Run
--------------------------------------  -----  ---------  --------  ----------  --------------  -------------------
/opt/airflow/dags/exchange_rate_dag.py                           1           0  0.22s           2026-01-11T06:04:23
================================================================================
[2026-01-11T06:04:54.770+0000] {manager.py:879} INFO - 
================================================================================
DAG File Processing Stats

File Path                               PID    Runtime      # DAGs    # Errors  Last Runtime    Last Run
--------------------------------------  -----  ---------  --------  ----------  --------------  -------------------
/opt/airflow/dags/exchange_rate_dag.py                           1           0  0.33s           2026-01-11T06:04:54
================================================================================
[2026-01-11T06:05:25.842+0000] {manager.py:879} INFO - 
================================================================================
DAG File Processing Stats

File Path                               PID    Runtime      # DAGs    # Errors  Last Runtime    Last Run
--------------------------------------  -----  ---------  --------  ----------  --------------  -------------------
/opt/airflow/dags/exchange_rate_dag.py                           1           0  0.22s           2026-01-11T06:05:25
================================================================================
[2026-01-11T06:05:57.095+0000] {manager.py:879} INFO - 
================================================================================
DAG File Processing Stats

File Path                               PID    Runtime      # DAGs    # Errors  Last Runtime    Last Run
--------------------------------------  -----  ---------  --------  ----------  --------------  -------------------
/opt/airflow/dags/exchange_rate_dag.py                           1           0  0.21s           2026-01-11T06:05:57
================================================================================
[2026-01-11T06:06:27.363+0000] {manager.py:879} INFO - 
================================================================================
DAG File Processing Stats

File Path                               PID    Runtime      # DAGs    # Errors  Last Runtime    Last Run
--------------------------------------  -----  ---------  --------  ----------  --------------  -------------------
/opt/airflow/dags/exchange_rate_dag.py                           1           0  0.22s           2026-01-11T06:06:27
================================================================================
[2026-01-11T06:06:53.054+0000] {manager.py:738} INFO - Searching for files in /opt/airflow/dags
[2026-01-11T06:06:53.058+0000] {manager.py:741} INFO - There are 1 files in /opt/airflow/dags
[2026-01-11T06:06:57.781+0000] {manager.py:879} INFO - 
================================================================================
DAG File Processing Stats

File Path                               PID    Runtime      # DAGs    # Errors  Last Runtime    Last Run
--------------------------------------  -----  ---------  --------  ----------  --------------  -------------------
/opt/airflow/dags/exchange_rate_dag.py                           1           0  0.22s           2026-01-11T06:06:57
================================================================================
[2026-01-11T06:07:28.345+0000] {manager.py:879} INFO - 
================================================================================
DAG File Processing Stats

File Path                               PID    Runtime      # DAGs    # Errors  Last Runtime    Last Run
--------------------------------------  -----  ---------  --------  ----------  --------------  -------------------
/opt/airflow/dags/exchange_rate_dag.py                           1           0  0.21s           2026-01-11T06:07:28
================================================================================
[2026-01-11T06:07:58.846+0000] {manager.py:879} INFO - 
================================================================================
DAG File Processing Stats

File Path                               PID    Runtime      # DAGs    # Errors  Last Runtime    Last Run
--------------------------------------  -----  ---------  --------  ----------  --------------  -------------------
/opt/airflow/dags/exchange_rate_dag.py                           1           0  0.21s           2026-01-11T06:07:58
================================================================================
[2026-01-11T06:08:29.364+0000] {manager.py:879} INFO - 
================================================================================
DAG File Processing Stats

File Path                               PID    Runtime      # DAGs    # Errors  Last Runtime    Last Run
--------------------------------------  -----  ---------  --------  ----------  --------------  -------------------
/opt/airflow/dags/exchange_rate_dag.py                           1           0  0.22s           2026-01-11T06:08:29
================================================================================
[2026-01-11T06:08:59.813+0000] {manager.py:879} INFO - 
================================================================================
DAG File Processing Stats

File Path                               PID    Runtime      # DAGs    # Errors  Last Runtime    Last Run
--------------------------------------  -----  ---------  --------  ----------  --------------  -------------------
/opt/airflow/dags/exchange_rate_dag.py                           1           0  0.21s           2026-01-11T06:08:59
================================================================================
[2026-01-11T06:09:30.348+0000] {manager.py:879} INFO - 
================================================================================
DAG File Processing Stats

File Path                               PID    Runtime      # DAGs    # Errors  Last Runtime    Last Run
--------------------------------------  -----  ---------  --------  ----------  --------------  -------------------
/opt/airflow/dags/exchange_rate_dag.py                           1           0  0.21s           2026-01-11T06:09:30
================================================================================
[2026-01-11T06:10:01.593+0000] {manager.py:879} INFO - 
================================================================================
DAG File Processing Stats

File Path                               PID    Runtime      # DAGs    # Errors  Last Runtime    Last Run
--------------------------------------  -----  ---------  --------  ----------  --------------  -------------------
/opt/airflow/dags/exchange_rate_dag.py                           1           0  0.21s           2026-01-11T06:10:01
================================================================================
[2026-01-11T06:10:31.818+0000] {manager.py:879} INFO - 
================================================================================
DAG File Processing Stats

File Path                               PID    Runtime      # DAGs    # Errors  Last Runtime    Last Run
--------------------------------------  -----  ---------  --------  ----------  --------------  -------------------
/opt/airflow/dags/exchange_rate_dag.py                           1           0  0.22s           2026-01-11T06:10:31
================================================================================
[2026-01-11T06:11:02.073+0000] {manager.py:879} INFO - 
================================================================================
DAG File Processing Stats

File Path                               PID    Runtime      # DAGs    # Errors  Last Runtime    Last Run
--------------------------------------  -----  ---------  --------  ----------  --------------  -------------------
/opt/airflow/dags/exchange_rate_dag.py                           1           0  0.21s           2026-01-11T06:11:02
================================================================================
[2026-01-11T06:11:32.326+0000] {manager.py:879} INFO - 
================================================================================
DAG File Processing Stats

File Path                               PID    Runtime      # DAGs    # Errors  Last Runtime    Last Run
--------------------------------------  -----  ---------  --------  ----------  --------------  -------------------
/opt/airflow/dags/exchange_rate_dag.py                           1           0  0.21s           2026-01-11T06:11:32
================================================================================
[2026-01-11T06:11:53.160+0000] {manager.py:738} INFO - Searching for files in /opt/airflow/dags
[2026-01-11T06:11:53.163+0000] {manager.py:741} INFO - There are 1 files in /opt/airflow/dags
[2026-01-11T06:12:03.199+0000] {manager.py:879} INFO - 
================================================================================
DAG File Processing Stats

File Path                               PID    Runtime      # DAGs    # Errors  Last Runtime    Last Run
--------------------------------------  -----  ---------  --------  ----------  --------------  -------------------
/opt/airflow/dags/exchange_rate_dag.py                           1           0  0.21s           2026-01-11T06:12:03
================================================================================
[2026-01-11T06:12:33.723+0000] {manager.py:879} INFO - 
================================================================================
DAG File Processing Stats

File Path                               PID    Runtime      # DAGs    # Errors  Last Runtime    Last Run
--------------------------------------  -----  ---------  --------  ----------  --------------  -------------------
/opt/airflow/dags/exchange_rate_dag.py                           1           0  0.22s           2026-01-11T06:12:33
================================================================================
[2026-01-11T06:13:04.232+0000] {manager.py:879} INFO - 
================================================================================
DAG File Processing Stats

File Path                               PID    Runtime      # DAGs    # Errors  Last Runtime    Last Run
--------------------------------------  -----  ---------  --------  ----------  --------------  -------------------
/opt/airflow/dags/exchange_rate_dag.py                           1           0  0.21s           2026-01-11T06:13:04
================================================================================
[2026-01-11T06:13:59.051+0000] {manager.py:879} INFO - 
================================================================================
DAG File Processing Stats

File Path                               PID    Runtime      # DAGs    # Errors  Last Runtime    Last Run
--------------------------------------  -----  ---------  --------  ----------  --------------  -------------------
/opt/airflow/dags/exchange_rate_dag.py                           1           0  0.22s           2026-01-11T06:13:59
================================================================================
[2026-01-11T06:14:29.408+0000] {manager.py:879} INFO - 
================================================================================
DAG File Processing Stats

File Path                               PID    Runtime      # DAGs    # Errors  Last Runtime    Last Run
--------------------------------------  -----  ---------  --------  ----------  --------------  -------------------
/opt/airflow/dags/exchange_rate_dag.py                           1           0  0.21s           2026-01-11T06:14:29
================================================================================
[2026-01-11T06:15:13.276+0000] {manager.py:879} INFO - 
================================================================================
DAG File Processing Stats

File Path                               PID    Runtime      # DAGs    # Errors  Last Runtime    Last Run
--------------------------------------  -----  ---------  --------  ----------  --------------  -------------------
/opt/airflow/dags/exchange_rate_dag.py                           1           0  0.13s           2026-01-11T06:15:13
================================================================================
[2026-01-11T06:15:49.488+0000] {manager.py:879} INFO - 
================================================================================
DAG File Processing Stats

File Path                               PID    Runtime      # DAGs    # Errors  Last Runtime    Last Run
--------------------------------------  -----  ---------  --------  ----------  --------------  -------------------
/opt/airflow/dags/exchange_rate_dag.py                           1           0  0.21s           2026-01-11T06:15:49
================================================================================
[2026-01-11T06:16:19.737+0000] {manager.py:879} INFO - 
================================================================================
DAG File Processing Stats

File Path                               PID    Runtime      # DAGs    # Errors  Last Runtime    Last Run
--------------------------------------  -----  ---------  --------  ----------  --------------  -------------------
/opt/airflow/dags/exchange_rate_dag.py                           1           0  0.12s           2026-01-11T06:16:19
================================================================================
[2026-01-11T06:16:50.351+0000] {manager.py:879} INFO - 
================================================================================
DAG File Processing Stats

File Path                               PID    Runtime      # DAGs    # Errors  Last Runtime    Last Run
--------------------------------------  -----  ---------  --------  ----------  --------------  -------------------
/opt/airflow/dags/exchange_rate_dag.py                           1           0  0.22s           2026-01-11T06:16:50
================================================================================
[2026-01-11T06:16:53.263+0000] {manager.py:738} INFO - Searching for files in /opt/airflow/dags
[2026-01-11T06:16:53.275+0000] {manager.py:741} INFO - There are 1 files in /opt/airflow/dags
[2026-01-11T06:17:20.898+0000] {manager.py:879} INFO - 
================================================================================
DAG File Processing Stats

File Path                               PID    Runtime      # DAGs    # Errors  Last Runtime    Last Run
--------------------------------------  -----  ---------  --------  ----------  --------------  -------------------
/opt/airflow/dags/exchange_rate_dag.py                           1           0  0.22s           2026-01-11T06:17:20
================================================================================
[2026-01-11T06:17:51.418+0000] {manager.py:879} INFO - 
================================================================================
DAG File Processing Stats

File Path                               PID    Runtime      # DAGs    # Errors  Last Runtime    Last Run
--------------------------------------  -----  ---------  --------  ----------  --------------  -------------------
/opt/airflow/dags/exchange_rate_dag.py                           1           0  0.12s           2026-01-11T06:17:51
================================================================================
[2026-01-11T06:18:22.088+0000] {manager.py:879} INFO - 
================================================================================
DAG File Processing Stats

File Path                               PID    Runtime      # DAGs    # Errors  Last Runtime    Last Run
--------------------------------------  -----  ---------  --------  ----------  --------------  -------------------
/opt/airflow/dags/exchange_rate_dag.py                           1           0  0.22s           2026-01-11T06:18:22
================================================================================
[2026-01-11T06:18:52.436+0000] {manager.py:879} INFO - 
================================================================================
DAG File Processing Stats

File Path                               PID    Runtime      # DAGs    # Errors  Last Runtime    Last Run
--------------------------------------  -----  ---------  --------  ----------  --------------  -------------------
/opt/airflow/dags/exchange_rate_dag.py                           1           0  0.22s           2026-01-11T06:18:52
================================================================================
[2026-01-11T06:19:23.097+0000] {manager.py:879} INFO - 
================================================================================
DAG File Processing Stats

File Path                               PID    Runtime      # DAGs    # Errors  Last Runtime    Last Run
--------------------------------------  -----  ---------  --------  ----------  --------------  -------------------
/opt/airflow/dags/exchange_rate_dag.py                           1           0  0.21s           2026-01-11T06:19:23
================================================================================
[2026-01-11T06:19:53.682+0000] {manager.py:879} INFO - 
================================================================================
DAG File Processing Stats

File Path                               PID    Runtime      # DAGs    # Errors  Last Runtime    Last Run
--------------------------------------  -----  ---------  --------  ----------  --------------  -------------------
/opt/airflow/dags/exchange_rate_dag.py                           1           0  0.21s           2026-01-11T06:19:53
================================================================================
[2026-01-11T06:20:38.552+0000] {manager.py:879} INFO - 
================================================================================
DAG File Processing Stats

File Path                               PID    Runtime      # DAGs    # Errors  Last Runtime    Last Run
--------------------------------------  -----  ---------  --------  ----------  --------------  -------------------
/opt/airflow/dags/exchange_rate_dag.py                           1           0  0.22s           2026-01-11T06:20:38
================================================================================
[2026-01-11T06:21:09.972+0000] {manager.py:879} INFO - 
================================================================================
DAG File Processing Stats

File Path                               PID    Runtime      # DAGs    # Errors  Last Runtime    Last Run
--------------------------------------  -----  ---------  --------  ----------  --------------  -------------------
/opt/airflow/dags/exchange_rate_dag.py                           1           0  0.31s           2026-01-11T06:21:09
================================================================================
[2026-01-11T06:21:40.345+0000] {manager.py:879} INFO - 
================================================================================
DAG File Processing Stats

File Path                               PID    Runtime      # DAGs    # Errors  Last Runtime    Last Run
--------------------------------------  -----  ---------  --------  ----------  --------------  -------------------
/opt/airflow/dags/exchange_rate_dag.py                           1           0  0.22s           2026-01-11T06:21:40
================================================================================
[2026-01-11T06:21:53.355+0000] {manager.py:738} INFO - Searching for files in /opt/airflow/dags
[2026-01-11T06:21:53.364+0000] {manager.py:741} INFO - There are 1 files in /opt/airflow/dags
[2026-01-11T06:22:10.695+0000] {manager.py:879} INFO - 
================================================================================
DAG File Processing Stats

File Path                               PID    Runtime      # DAGs    # Errors  Last Runtime    Last Run
--------------------------------------  -----  ---------  --------  ----------  --------------  -------------------
/opt/airflow/dags/exchange_rate_dag.py                           1           0  0.13s           2026-01-11T06:22:10
================================================================================
[2026-01-11T06:22:41.183+0000] {manager.py:879} INFO - 
================================================================================
DAG File Processing Stats

File Path                               PID    Runtime      # DAGs    # Errors  Last Runtime    Last Run
--------------------------------------  -----  ---------  --------  ----------  --------------  -------------------
/opt/airflow/dags/exchange_rate_dag.py                           1           0  0.22s           2026-01-11T06:22:41
================================================================================
[2026-01-11T06:23:11.496+0000] {manager.py:879} INFO - 
================================================================================
DAG File Processing Stats

File Path                               PID    Runtime      # DAGs    # Errors  Last Runtime    Last Run
--------------------------------------  -----  ---------  --------  ----------  --------------  -------------------
/opt/airflow/dags/exchange_rate_dag.py                           1           0  0.22s           2026-01-11T06:23:11
================================================================================
[2026-01-11T06:23:41.920+0000] {manager.py:879} INFO - 
================================================================================
DAG File Processing Stats

File Path                               PID    Runtime      # DAGs    # Errors  Last Runtime    Last Run
--------------------------------------  -----  ---------  --------  ----------  --------------  -------------------
/opt/airflow/dags/exchange_rate_dag.py                           1           0  0.22s           2026-01-11T06:23:41
================================================================================
[2026-01-11T06:24:12.351+0000] {manager.py:879} INFO - 
================================================================================
DAG File Processing Stats

File Path                               PID    Runtime      # DAGs    # Errors  Last Runtime    Last Run
--------------------------------------  -----  ---------  --------  ----------  --------------  -------------------
/opt/airflow/dags/exchange_rate_dag.py                           1           0  0.22s           2026-01-11T06:24:12
================================================================================
[2026-01-11T06:24:42.779+0000] {manager.py:879} INFO - 
================================================================================
DAG File Processing Stats

File Path                               PID    Runtime      # DAGs    # Errors  Last Runtime    Last Run
--------------------------------------  -----  ---------  --------  ----------  --------------  -------------------
/opt/airflow/dags/exchange_rate_dag.py                           1           0  0.22s           2026-01-11T06:24:42
================================================================================
[2026-01-11T06:25:13.185+0000] {manager.py:879} INFO - 
================================================================================
DAG File Processing Stats

File Path                               PID    Runtime      # DAGs    # Errors  Last Runtime    Last Run
--------------------------------------  -----  ---------  --------  ----------  --------------  -------------------
/opt/airflow/dags/exchange_rate_dag.py                           1           0  0.22s           2026-01-11T06:25:13
================================================================================
[2026-01-11T06:25:43.624+0000] {manager.py:879} INFO - 
================================================================================
DAG File Processing Stats

File Path                               PID    Runtime      # DAGs    # Errors  Last Runtime    Last Run
--------------------------------------  -----  ---------  --------  ----------  --------------  -------------------
/opt/airflow/dags/exchange_rate_dag.py                           1           0  0.21s           2026-01-11T06:25:43
================================================================================
[2026-01-11T06:26:13.969+0000] {manager.py:879} INFO - 
================================================================================
DAG File Processing Stats

File Path                               PID    Runtime      # DAGs    # Errors  Last Runtime    Last Run
--------------------------------------  -----  ---------  --------  ----------  --------------  -------------------
/opt/airflow/dags/exchange_rate_dag.py                           1           0  0.13s           2026-01-11T06:26:13
================================================================================
[2026-01-11T06:26:44.460+0000] {manager.py:879} INFO - 
================================================================================
DAG File Processing Stats

File Path                               PID    Runtime      # DAGs    # Errors  Last Runtime    Last Run
--------------------------------------  -----  ---------  --------  ----------  --------------  -------------------
/opt/airflow/dags/exchange_rate_dag.py                           1           0  0.22s           2026-01-11T06:26:44
================================================================================
[2026-01-11T06:26:53.443+0000] {manager.py:738} INFO - Searching for files in /opt/airflow/dags
[2026-01-11T06:26:53.446+0000] {manager.py:741} INFO - There are 1 files in /opt/airflow/dags
[2026-01-11T06:27:14.873+0000] {manager.py:879} INFO - 
================================================================================
DAG File Processing Stats

File Path                               PID    Runtime      # DAGs    # Errors  Last Runtime    Last Run
--------------------------------------  -----  ---------  --------  ----------  --------------  -------------------
/opt/airflow/dags/exchange_rate_dag.py                           1           0  0.21s           2026-01-11T06:27:14
================================================================================
[2026-01-11T06:27:45.341+0000] {manager.py:879} INFO - 
================================================================================
DAG File Processing Stats

File Path                               PID    Runtime      # DAGs    # Errors  Last Runtime    Last Run
--------------------------------------  -----  ---------  --------  ----------  --------------  -------------------
/opt/airflow/dags/exchange_rate_dag.py                           1           0  0.22s           2026-01-11T06:27:45
================================================================================
[2026-01-11T06:28:15.750+0000] {manager.py:879} INFO - 
================================================================================
DAG File Processing Stats

File Path                               PID    Runtime      # DAGs    # Errors  Last Runtime    Last Run
--------------------------------------  -----  ---------  --------  ----------  --------------  -------------------
/opt/airflow/dags/exchange_rate_dag.py                           1           0  0.21s           2026-01-11T06:28:15
================================================================================
[2026-01-11T06:28:46.147+0000] {manager.py:879} INFO - 
================================================================================
DAG File Processing Stats

File Path                               PID    Runtime      # DAGs    # Errors  Last Runtime    Last Run
--------------------------------------  -----  ---------  --------  ----------  --------------  -------------------
/opt/airflow/dags/exchange_rate_dag.py                           1           0  0.22s           2026-01-11T06:28:46
================================================================================
[2026-01-11T06:29:16.805+0000] {manager.py:879} INFO - 
================================================================================
DAG File Processing Stats

File Path                               PID    Runtime      # DAGs    # Errors  Last Runtime    Last Run
--------------------------------------  -----  ---------  --------  ----------  --------------  -------------------
/opt/airflow/dags/exchange_rate_dag.py                           1           0  0.42s           2026-01-11T06:29:16
================================================================================
[2026-01-11T06:29:47.922+0000] {manager.py:879} INFO - 
================================================================================
DAG File Processing Stats

File Path                               PID    Runtime      # DAGs    # Errors  Last Runtime    Last Run
--------------------------------------  -----  ---------  --------  ----------  --------------  -------------------
/opt/airflow/dags/exchange_rate_dag.py                           1           0  0.22s           2026-01-11T06:29:47
================================================================================
[2026-01-11T06:30:37.796+0000] {manager.py:879} INFO - 
================================================================================
DAG File Processing Stats

File Path                               PID    Runtime      # DAGs    # Errors  Last Runtime    Last Run
--------------------------------------  -----  ---------  --------  ----------  --------------  -------------------
/opt/airflow/dags/exchange_rate_dag.py                           1           0  0.21s           2026-01-11T06:30:37
================================================================================
[2026-01-11T06:31:08.188+0000] {manager.py:879} INFO - 
================================================================================
DAG File Processing Stats

File Path                               PID    Runtime      # DAGs    # Errors  Last Runtime    Last Run
--------------------------------------  -----  ---------  --------  ----------  --------------  -------------------
/opt/airflow/dags/exchange_rate_dag.py                           1           0  0.22s           2026-01-11T06:31:08
================================================================================
[2026-01-11T06:31:38.855+0000] {manager.py:879} INFO - 
================================================================================
DAG File Processing Stats

File Path                               PID    Runtime      # DAGs    # Errors  Last Runtime    Last Run
--------------------------------------  -----  ---------  --------  ----------  --------------  -------------------
/opt/airflow/dags/exchange_rate_dag.py                           1           0  0.22s           2026-01-11T06:31:38
================================================================================
[2026-01-11T06:31:53.513+0000] {manager.py:738} INFO - Searching for files in /opt/airflow/dags
[2026-01-11T06:31:53.516+0000] {manager.py:741} INFO - There are 1 files in /opt/airflow/dags
[2026-01-11T06:32:09.288+0000] {manager.py:879} INFO - 
================================================================================
DAG File Processing Stats

File Path                               PID    Runtime      # DAGs    # Errors  Last Runtime    Last Run
--------------------------------------  -----  ---------  --------  ----------  --------------  -------------------
/opt/airflow/dags/exchange_rate_dag.py                           1           0  0.21s           2026-01-11T06:32:09
================================================================================
[2026-01-11T06:32:39.951+0000] {manager.py:879} INFO - 
================================================================================
DAG File Processing Stats

File Path                               PID    Runtime      # DAGs    # Errors  Last Runtime    Last Run
--------------------------------------  -----  ---------  --------  ----------  --------------  -------------------
/opt/airflow/dags/exchange_rate_dag.py                           1           0  0.22s           2026-01-11T06:32:39
================================================================================
[2026-01-11T06:33:10.610+0000] {manager.py:879} INFO - 
================================================================================
DAG File Processing Stats

File Path                               PID    Runtime      # DAGs    # Errors  Last Runtime    Last Run
--------------------------------------  -----  ---------  --------  ----------  --------------  -------------------
/opt/airflow/dags/exchange_rate_dag.py                           1           0  0.22s           2026-01-11T06:33:10
================================================================================
[2026-01-11T06:33:41.299+0000] {manager.py:879} INFO - 
================================================================================
DAG File Processing Stats

File Path                               PID    Runtime      # DAGs    # Errors  Last Runtime    Last Run
--------------------------------------  -----  ---------  --------  ----------  --------------  -------------------
/opt/airflow/dags/exchange_rate_dag.py                           1           0  0.22s           2026-01-11T06:33:41
================================================================================
[2026-01-11T06:34:11.874+0000] {manager.py:879} INFO - 
================================================================================
DAG File Processing Stats

File Path                               PID    Runtime      # DAGs    # Errors  Last Runtime    Last Run
--------------------------------------  -----  ---------  --------  ----------  --------------  -------------------
/opt/airflow/dags/exchange_rate_dag.py                           1           0  0.21s           2026-01-11T06:34:11
================================================================================
