[2026-01-13T05:22:40.654+0000] {taskinstance.py:1956} INFO - Dependencies all met for dep_context=non-requeueable deps ti=<TaskInstance: exchange_rate_crawler.get_rate_and_save manual__2026-01-13T05:22:35.736697+00:00 [queued]>
[2026-01-13T05:22:40.662+0000] {taskinstance.py:1956} INFO - Dependencies all met for dep_context=requeueable deps ti=<TaskInstance: exchange_rate_crawler.get_rate_and_save manual__2026-01-13T05:22:35.736697+00:00 [queued]>
[2026-01-13T05:22:40.663+0000] {taskinstance.py:2170} INFO - Starting attempt 1 of 2
[2026-01-13T05:22:40.680+0000] {taskinstance.py:2191} INFO - Executing <Task(DatabricksSubmitRunOperator): get_rate_and_save> on 2026-01-13 05:22:35.736697+00:00
[2026-01-13T05:22:40.692+0000] {standard_task_runner.py:60} INFO - Started process 881 to run task
[2026-01-13T05:22:40.698+0000] {standard_task_runner.py:87} INFO - Running: ['airflow', 'tasks', 'run', 'exchange_rate_crawler', 'get_rate_and_save', 'manual__2026-01-13T05:22:35.736697+00:00', '--job-id', '47', '--raw', '--subdir', 'DAGS_FOLDER/exchange_rate_dag.py', '--cfg-path', '/tmp/tmphlvexqhl']
[2026-01-13T05:22:40.700+0000] {standard_task_runner.py:88} INFO - Job 47: Subtask get_rate_and_save
[2026-01-13T05:22:40.751+0000] {task_command.py:423} INFO - Running <TaskInstance: exchange_rate_crawler.get_rate_and_save manual__2026-01-13T05:22:35.736697+00:00 [running]> on host c971fff4d57a
[2026-01-13T05:22:40.852+0000] {taskinstance.py:2480} INFO - Exporting env vars: AIRFLOW_CTX_DAG_OWNER='airflow' AIRFLOW_CTX_DAG_ID='exchange_rate_crawler' AIRFLOW_CTX_TASK_ID='get_rate_and_save' AIRFLOW_CTX_EXECUTION_DATE='2026-01-13T05:22:35.736697+00:00' AIRFLOW_CTX_TRY_NUMBER='1' AIRFLOW_CTX_DAG_RUN_ID='manual__2026-01-13T05:22:35.736697+00:00'
[2026-01-13T05:22:40.861+0000] {base.py:83} INFO - Using connection ID 'databricks_default' for task execution.
[2026-01-13T05:22:41.015+0000] {databricks_base.py:501} INFO - Using token auth.
[2026-01-13T05:22:41.840+0000] {databricks.py:56} INFO - Run submitted with run_id: 523075892261834
[2026-01-13T05:22:41.841+0000] {databricks_base.py:501} INFO - Using token auth.
[2026-01-13T05:22:42.239+0000] {databricks_base.py:501} INFO - Using token auth.
[2026-01-13T05:22:42.631+0000] {databricks.py:109} INFO - get_rate_and_save in run state: {'life_cycle_state': 'RUNNING', 'result_state': '', 'state_message': 'In run'}
[2026-01-13T05:22:42.633+0000] {databricks.py:110} INFO - View run status, Spark UI, and logs at https://adb-7405611376491031.11.azuredatabricks.net/?o=7405611376491031#job/583070753825968/run/523075892261834
[2026-01-13T05:22:42.634+0000] {databricks.py:111} INFO - Sleeping for 30 seconds.
[2026-01-13T05:23:12.648+0000] {databricks_base.py:501} INFO - Using token auth.
[2026-01-13T05:23:12.941+0000] {databricks.py:67} INFO - get_rate_and_save completed successfully.
[2026-01-13T05:23:12.943+0000] {databricks.py:68} INFO - View run status, Spark UI, and logs at https://adb-7405611376491031.11.azuredatabricks.net/?o=7405611376491031#job/583070753825968/run/523075892261834
[2026-01-13T05:23:12.950+0000] {taskinstance.py:1138} INFO - Marking task as SUCCESS. dag_id=exchange_rate_crawler, task_id=get_rate_and_save, execution_date=20260113T052235, start_date=20260113T052240, end_date=20260113T052312
[2026-01-13T05:23:12.981+0000] {local_task_job_runner.py:234} INFO - Task exited with return code 0
[2026-01-13T05:23:12.994+0000] {taskinstance.py:3280} INFO - 0 downstream tasks scheduled from follow-on schedule check
