[2026-01-11T06:14:39.452+0000] {taskinstance.py:1956} INFO - Dependencies all met for dep_context=non-requeueable deps ti=<TaskInstance: exchange_rate_crawler.get_rate_and_save manual__2026-01-11T06:09:31.167811+00:00 [queued]>
[2026-01-11T06:14:39.459+0000] {taskinstance.py:1956} INFO - Dependencies all met for dep_context=requeueable deps ti=<TaskInstance: exchange_rate_crawler.get_rate_and_save manual__2026-01-11T06:09:31.167811+00:00 [queued]>
[2026-01-11T06:14:39.459+0000] {taskinstance.py:2170} INFO - Starting attempt 2 of 2
[2026-01-11T06:14:39.473+0000] {taskinstance.py:2191} INFO - Executing <Task(DatabricksSubmitRunOperator): get_rate_and_save> on 2026-01-11 06:09:31.167811+00:00
[2026-01-11T06:14:39.483+0000] {standard_task_runner.py:60} INFO - Started process 279 to run task
[2026-01-11T06:14:39.488+0000] {standard_task_runner.py:87} INFO - Running: ['airflow', 'tasks', 'run', 'exchange_rate_crawler', 'get_rate_and_save', 'manual__2026-01-11T06:09:31.167811+00:00', '--job-id', '18', '--raw', '--subdir', 'DAGS_FOLDER/exchange_rate_dag.py', '--cfg-path', '/tmp/tmpk1z7ka77']
[2026-01-11T06:14:39.491+0000] {standard_task_runner.py:88} INFO - Job 18: Subtask get_rate_and_save
[2026-01-11T06:14:39.527+0000] {task_command.py:423} INFO - Running <TaskInstance: exchange_rate_crawler.get_rate_and_save manual__2026-01-11T06:09:31.167811+00:00 [running]> on host f8aa545bbc3a
[2026-01-11T06:14:39.581+0000] {taskinstance.py:2480} INFO - Exporting env vars: AIRFLOW_CTX_DAG_OWNER='airflow' AIRFLOW_CTX_DAG_ID='exchange_rate_crawler' AIRFLOW_CTX_TASK_ID='get_rate_and_save' AIRFLOW_CTX_EXECUTION_DATE='2026-01-11T06:09:31.167811+00:00' AIRFLOW_CTX_TRY_NUMBER='2' AIRFLOW_CTX_DAG_RUN_ID='manual__2026-01-11T06:09:31.167811+00:00'
[2026-01-11T06:14:39.587+0000] {base.py:83} INFO - Using connection ID 'databricks_default' for task execution.
[2026-01-11T06:14:39.655+0000] {databricks_base.py:501} INFO - Using token auth.
[2026-01-11T06:14:40.593+0000] {databricks.py:56} INFO - Run submitted with run_id: 1053089893509946
[2026-01-11T06:14:40.594+0000] {databricks_base.py:501} INFO - Using token auth.
[2026-01-11T06:14:41.104+0000] {databricks_base.py:501} INFO - Using token auth.
[2026-01-11T06:14:41.701+0000] {databricks.py:109} INFO - get_rate_and_save in run state: {'life_cycle_state': 'RUNNING', 'result_state': '', 'state_message': 'In run'}
[2026-01-11T06:14:41.703+0000] {databricks.py:110} INFO - View run status, Spark UI, and logs at https://adb-7405611376491031.11.azuredatabricks.net/?o=7405611376491031#job/190455356925472/run/1053089893509946
[2026-01-11T06:14:41.703+0000] {databricks.py:111} INFO - Sleeping for 30 seconds.
[2026-01-11T06:15:11.722+0000] {databricks_base.py:501} INFO - Using token auth.
[2026-01-11T06:15:12.426+0000] {databricks.py:67} INFO - get_rate_and_save completed successfully.
[2026-01-11T06:15:12.427+0000] {databricks.py:68} INFO - View run status, Spark UI, and logs at https://adb-7405611376491031.11.azuredatabricks.net/?o=7405611376491031#job/190455356925472/run/1053089893509946
[2026-01-11T06:15:12.437+0000] {taskinstance.py:1138} INFO - Marking task as SUCCESS. dag_id=exchange_rate_crawler, task_id=get_rate_and_save, execution_date=20260111T060931, start_date=20260111T061439, end_date=20260111T061512
[2026-01-11T06:15:12.484+0000] {local_task_job_runner.py:234} INFO - Task exited with return code 0
[2026-01-11T06:15:12.506+0000] {taskinstance.py:3280} INFO - 0 downstream tasks scheduled from follow-on schedule check
