[2026-01-13T06:20:06.686+0000] {taskinstance.py:1956} INFO - Dependencies all met for dep_context=non-requeueable deps ti=<TaskInstance: exchange_rate_crawler.get_rate_and_save scheduled__2026-01-13T06:10:00+00:00 [queued]>
[2026-01-13T06:20:06.696+0000] {taskinstance.py:1956} INFO - Dependencies all met for dep_context=requeueable deps ti=<TaskInstance: exchange_rate_crawler.get_rate_and_save scheduled__2026-01-13T06:10:00+00:00 [queued]>
[2026-01-13T06:20:06.697+0000] {taskinstance.py:2170} INFO - Starting attempt 1 of 2
[2026-01-13T06:20:06.716+0000] {taskinstance.py:2191} INFO - Executing <Task(DatabricksSubmitRunOperator): get_rate_and_save> on 2026-01-13 06:10:00+00:00
[2026-01-13T06:20:06.733+0000] {standard_task_runner.py:60} INFO - Started process 1060 to run task
[2026-01-13T06:20:06.739+0000] {standard_task_runner.py:87} INFO - Running: ['airflow', 'tasks', 'run', 'exchange_rate_crawler', 'get_rate_and_save', 'scheduled__2026-01-13T06:10:00+00:00', '--job-id', '55', '--raw', '--subdir', 'DAGS_FOLDER/exchange_rate_dag.py', '--cfg-path', '/tmp/tmpfctouvxl']
[2026-01-13T06:20:06.742+0000] {standard_task_runner.py:88} INFO - Job 55: Subtask get_rate_and_save
[2026-01-13T06:20:06.800+0000] {task_command.py:423} INFO - Running <TaskInstance: exchange_rate_crawler.get_rate_and_save scheduled__2026-01-13T06:10:00+00:00 [running]> on host c971fff4d57a
[2026-01-13T06:20:06.907+0000] {taskinstance.py:2480} INFO - Exporting env vars: AIRFLOW_CTX_DAG_OWNER='airflow' AIRFLOW_CTX_DAG_ID='exchange_rate_crawler' AIRFLOW_CTX_TASK_ID='get_rate_and_save' AIRFLOW_CTX_EXECUTION_DATE='2026-01-13T06:10:00+00:00' AIRFLOW_CTX_TRY_NUMBER='1' AIRFLOW_CTX_DAG_RUN_ID='scheduled__2026-01-13T06:10:00+00:00'
[2026-01-13T06:20:06.916+0000] {base.py:83} INFO - Using connection ID 'databricks_default' for task execution.
[2026-01-13T06:20:07.029+0000] {databricks_base.py:501} INFO - Using token auth.
[2026-01-13T06:20:08.225+0000] {databricks.py:56} INFO - Run submitted with run_id: 535440978395852
[2026-01-13T06:20:08.227+0000] {databricks_base.py:501} INFO - Using token auth.
[2026-01-13T06:20:08.627+0000] {databricks_base.py:501} INFO - Using token auth.
[2026-01-13T06:20:09.010+0000] {databricks.py:109} INFO - get_rate_and_save in run state: {'life_cycle_state': 'PENDING', 'result_state': '', 'state_message': ''}
[2026-01-13T06:20:09.012+0000] {databricks.py:110} INFO - View run status, Spark UI, and logs at https://adb-7405611376491031.11.azuredatabricks.net/?o=7405611376491031#job/323274459863765/run/535440978395852
[2026-01-13T06:20:09.012+0000] {databricks.py:111} INFO - Sleeping for 30 seconds.
[2026-01-13T06:20:39.026+0000] {databricks_base.py:501} INFO - Using token auth.
[2026-01-13T06:20:39.526+0000] {databricks.py:109} INFO - get_rate_and_save in run state: {'life_cycle_state': 'PENDING', 'result_state': '', 'state_message': ''}
[2026-01-13T06:20:39.529+0000] {databricks.py:110} INFO - View run status, Spark UI, and logs at https://adb-7405611376491031.11.azuredatabricks.net/?o=7405611376491031#job/323274459863765/run/535440978395852
[2026-01-13T06:20:39.530+0000] {databricks.py:111} INFO - Sleeping for 30 seconds.
[2026-01-13T06:21:09.560+0000] {databricks_base.py:501} INFO - Using token auth.
[2026-01-13T06:21:10.048+0000] {databricks.py:109} INFO - get_rate_and_save in run state: {'life_cycle_state': 'PENDING', 'result_state': '', 'state_message': ''}
[2026-01-13T06:21:10.050+0000] {databricks.py:110} INFO - View run status, Spark UI, and logs at https://adb-7405611376491031.11.azuredatabricks.net/?o=7405611376491031#job/323274459863765/run/535440978395852
[2026-01-13T06:21:10.051+0000] {databricks.py:111} INFO - Sleeping for 30 seconds.
[2026-01-13T06:21:40.082+0000] {databricks_base.py:501} INFO - Using token auth.
[2026-01-13T06:21:40.563+0000] {databricks.py:109} INFO - get_rate_and_save in run state: {'life_cycle_state': 'PENDING', 'result_state': '', 'state_message': ''}
[2026-01-13T06:21:40.565+0000] {databricks.py:110} INFO - View run status, Spark UI, and logs at https://adb-7405611376491031.11.azuredatabricks.net/?o=7405611376491031#job/323274459863765/run/535440978395852
[2026-01-13T06:21:40.565+0000] {databricks.py:111} INFO - Sleeping for 30 seconds.
[2026-01-13T06:22:10.596+0000] {databricks_base.py:501} INFO - Using token auth.
[2026-01-13T06:22:10.885+0000] {databricks.py:109} INFO - get_rate_and_save in run state: {'life_cycle_state': 'PENDING', 'result_state': '', 'state_message': ''}
[2026-01-13T06:22:10.888+0000] {databricks.py:110} INFO - View run status, Spark UI, and logs at https://adb-7405611376491031.11.azuredatabricks.net/?o=7405611376491031#job/323274459863765/run/535440978395852
[2026-01-13T06:22:10.889+0000] {databricks.py:111} INFO - Sleeping for 30 seconds.
[2026-01-13T06:22:40.919+0000] {databricks_base.py:501} INFO - Using token auth.
[2026-01-13T06:22:41.183+0000] {databricks.py:109} INFO - get_rate_and_save in run state: {'life_cycle_state': 'PENDING', 'result_state': '', 'state_message': ''}
[2026-01-13T06:22:41.187+0000] {databricks.py:110} INFO - View run status, Spark UI, and logs at https://adb-7405611376491031.11.azuredatabricks.net/?o=7405611376491031#job/323274459863765/run/535440978395852
[2026-01-13T06:22:41.188+0000] {databricks.py:111} INFO - Sleeping for 30 seconds.
[2026-01-13T06:23:11.220+0000] {databricks_base.py:501} INFO - Using token auth.
[2026-01-13T06:23:11.668+0000] {databricks.py:109} INFO - get_rate_and_save in run state: {'life_cycle_state': 'PENDING', 'result_state': '', 'state_message': ''}
[2026-01-13T06:23:11.669+0000] {databricks.py:110} INFO - View run status, Spark UI, and logs at https://adb-7405611376491031.11.azuredatabricks.net/?o=7405611376491031#job/323274459863765/run/535440978395852
[2026-01-13T06:23:11.669+0000] {databricks.py:111} INFO - Sleeping for 30 seconds.
[2026-01-13T06:23:41.700+0000] {databricks_base.py:501} INFO - Using token auth.
[2026-01-13T06:23:42.209+0000] {databricks.py:109} INFO - get_rate_and_save in run state: {'life_cycle_state': 'RUNNING', 'result_state': '', 'state_message': 'In run'}
[2026-01-13T06:23:42.211+0000] {databricks.py:110} INFO - View run status, Spark UI, and logs at https://adb-7405611376491031.11.azuredatabricks.net/?o=7405611376491031#job/323274459863765/run/535440978395852
[2026-01-13T06:23:42.212+0000] {databricks.py:111} INFO - Sleeping for 30 seconds.
[2026-01-13T06:24:12.242+0000] {databricks_base.py:501} INFO - Using token auth.
[2026-01-13T06:24:12.619+0000] {databricks.py:109} INFO - get_rate_and_save in run state: {'life_cycle_state': 'RUNNING', 'result_state': '', 'state_message': 'In run'}
[2026-01-13T06:24:12.620+0000] {databricks.py:110} INFO - View run status, Spark UI, and logs at https://adb-7405611376491031.11.azuredatabricks.net/?o=7405611376491031#job/323274459863765/run/535440978395852
[2026-01-13T06:24:12.621+0000] {databricks.py:111} INFO - Sleeping for 30 seconds.
[2026-01-13T06:24:42.650+0000] {databricks_base.py:501} INFO - Using token auth.
[2026-01-13T06:24:43.235+0000] {databricks.py:67} INFO - get_rate_and_save completed successfully.
[2026-01-13T06:24:43.237+0000] {databricks.py:68} INFO - View run status, Spark UI, and logs at https://adb-7405611376491031.11.azuredatabricks.net/?o=7405611376491031#job/323274459863765/run/535440978395852
[2026-01-13T06:24:43.247+0000] {taskinstance.py:1138} INFO - Marking task as SUCCESS. dag_id=exchange_rate_crawler, task_id=get_rate_and_save, execution_date=20260113T061000, start_date=20260113T062006, end_date=20260113T062443
[2026-01-13T06:24:43.305+0000] {local_task_job_runner.py:234} INFO - Task exited with return code 0
[2026-01-13T06:24:43.326+0000] {taskinstance.py:3280} INFO - 0 downstream tasks scheduled from follow-on schedule check
