[2026-01-13T07:00:08.202+0000] {taskinstance.py:1956} INFO - Dependencies all met for dep_context=non-requeueable deps ti=<TaskInstance: exchange_rate_crawler.get_rate_and_save scheduled__2026-01-13T06:50:00+00:00 [queued]>
[2026-01-13T07:00:08.215+0000] {taskinstance.py:1956} INFO - Dependencies all met for dep_context=requeueable deps ti=<TaskInstance: exchange_rate_crawler.get_rate_and_save scheduled__2026-01-13T06:50:00+00:00 [queued]>
[2026-01-13T07:00:08.216+0000] {taskinstance.py:2170} INFO - Starting attempt 1 of 2
[2026-01-13T07:00:08.239+0000] {taskinstance.py:2191} INFO - Executing <Task(DatabricksSubmitRunOperator): get_rate_and_save> on 2026-01-13 06:50:00+00:00
[2026-01-13T07:00:08.255+0000] {standard_task_runner.py:60} INFO - Started process 1166 to run task
[2026-01-13T07:00:08.262+0000] {standard_task_runner.py:87} INFO - Running: ['airflow', 'tasks', 'run', 'exchange_rate_crawler', 'get_rate_and_save', 'scheduled__2026-01-13T06:50:00+00:00', '--job-id', '59', '--raw', '--subdir', 'DAGS_FOLDER/exchange_rate_dag.py', '--cfg-path', '/tmp/tmp0bgc3oxj']
[2026-01-13T07:00:08.266+0000] {standard_task_runner.py:88} INFO - Job 59: Subtask get_rate_and_save
[2026-01-13T07:00:08.333+0000] {task_command.py:423} INFO - Running <TaskInstance: exchange_rate_crawler.get_rate_and_save scheduled__2026-01-13T06:50:00+00:00 [running]> on host c971fff4d57a
[2026-01-13T07:00:08.469+0000] {taskinstance.py:2480} INFO - Exporting env vars: AIRFLOW_CTX_DAG_OWNER='airflow' AIRFLOW_CTX_DAG_ID='exchange_rate_crawler' AIRFLOW_CTX_TASK_ID='get_rate_and_save' AIRFLOW_CTX_EXECUTION_DATE='2026-01-13T06:50:00+00:00' AIRFLOW_CTX_TRY_NUMBER='1' AIRFLOW_CTX_DAG_RUN_ID='scheduled__2026-01-13T06:50:00+00:00'
[2026-01-13T07:00:08.482+0000] {base.py:83} INFO - Using connection ID 'databricks_default' for task execution.
[2026-01-13T07:00:08.684+0000] {databricks_base.py:501} INFO - Using token auth.
[2026-01-13T07:00:09.699+0000] {databricks.py:56} INFO - Run submitted with run_id: 482030638255326
[2026-01-13T07:00:09.701+0000] {databricks_base.py:501} INFO - Using token auth.
[2026-01-13T07:00:10.013+0000] {databricks_base.py:501} INFO - Using token auth.
[2026-01-13T07:00:10.324+0000] {databricks.py:109} INFO - get_rate_and_save in run state: {'life_cycle_state': 'PENDING', 'result_state': '', 'state_message': ''}
[2026-01-13T07:00:10.325+0000] {databricks.py:110} INFO - View run status, Spark UI, and logs at https://adb-7405611376491031.11.azuredatabricks.net/?o=7405611376491031#job/943988887779997/run/482030638255326
[2026-01-13T07:00:10.326+0000] {databricks.py:111} INFO - Sleeping for 30 seconds.
[2026-01-13T07:00:40.356+0000] {databricks_base.py:501} INFO - Using token auth.
[2026-01-13T07:00:40.838+0000] {databricks.py:67} INFO - get_rate_and_save completed successfully.
[2026-01-13T07:00:40.842+0000] {databricks.py:68} INFO - View run status, Spark UI, and logs at https://adb-7405611376491031.11.azuredatabricks.net/?o=7405611376491031#job/943988887779997/run/482030638255326
[2026-01-13T07:00:40.862+0000] {taskinstance.py:1138} INFO - Marking task as SUCCESS. dag_id=exchange_rate_crawler, task_id=get_rate_and_save, execution_date=20260113T065000, start_date=20260113T070008, end_date=20260113T070040
[2026-01-13T07:00:40.950+0000] {local_task_job_runner.py:234} INFO - Task exited with return code 0
[2026-01-13T07:00:40.994+0000] {taskinstance.py:3280} INFO - 0 downstream tasks scheduled from follow-on schedule check
