[2026-01-13T01:33:04.750+0000] {taskinstance.py:1956} INFO - Dependencies all met for dep_context=non-requeueable deps ti=<TaskInstance: exchange_rate_crawler.get_rate_and_save scheduled__2026-01-13T01:20:00+00:00 [queued]>
[2026-01-13T01:33:04.767+0000] {taskinstance.py:1956} INFO - Dependencies all met for dep_context=requeueable deps ti=<TaskInstance: exchange_rate_crawler.get_rate_and_save scheduled__2026-01-13T01:20:00+00:00 [queued]>
[2026-01-13T01:33:04.767+0000] {taskinstance.py:2170} INFO - Starting attempt 1 of 2
[2026-01-13T01:33:04.785+0000] {taskinstance.py:2191} INFO - Executing <Task(DatabricksSubmitRunOperator): get_rate_and_save> on 2026-01-13 01:20:00+00:00
[2026-01-13T01:33:04.799+0000] {standard_task_runner.py:60} INFO - Started process 68 to run task
[2026-01-13T01:33:04.809+0000] {standard_task_runner.py:87} INFO - Running: ['airflow', 'tasks', 'run', 'exchange_rate_crawler', 'get_rate_and_save', 'scheduled__2026-01-13T01:20:00+00:00', '--job-id', '25', '--raw', '--subdir', 'DAGS_FOLDER/exchange_rate_dag.py', '--cfg-path', '/tmp/tmp0pg7ut4n']
[2026-01-13T01:33:04.815+0000] {standard_task_runner.py:88} INFO - Job 25: Subtask get_rate_and_save
[2026-01-13T01:33:04.876+0000] {task_command.py:423} INFO - Running <TaskInstance: exchange_rate_crawler.get_rate_and_save scheduled__2026-01-13T01:20:00+00:00 [running]> on host f8aa545bbc3a
[2026-01-13T01:33:04.993+0000] {taskinstance.py:2480} INFO - Exporting env vars: AIRFLOW_CTX_DAG_OWNER='airflow' AIRFLOW_CTX_DAG_ID='exchange_rate_crawler' AIRFLOW_CTX_TASK_ID='get_rate_and_save' AIRFLOW_CTX_EXECUTION_DATE='2026-01-13T01:20:00+00:00' AIRFLOW_CTX_TRY_NUMBER='1' AIRFLOW_CTX_DAG_RUN_ID='scheduled__2026-01-13T01:20:00+00:00'
[2026-01-13T01:33:05.002+0000] {base.py:83} INFO - Using connection ID 'databricks_default' for task execution.
[2026-01-13T01:33:05.153+0000] {databricks_base.py:501} INFO - Using token auth.
[2026-01-13T01:33:06.410+0000] {databricks.py:56} INFO - Run submitted with run_id: 690329393547989
[2026-01-13T01:33:06.412+0000] {databricks_base.py:501} INFO - Using token auth.
[2026-01-13T01:33:06.914+0000] {databricks_base.py:501} INFO - Using token auth.
[2026-01-13T01:33:07.312+0000] {databricks.py:109} INFO - get_rate_and_save in run state: {'life_cycle_state': 'PENDING', 'result_state': '', 'state_message': ''}
[2026-01-13T01:33:07.314+0000] {databricks.py:110} INFO - View run status, Spark UI, and logs at https://adb-7405611376491031.11.azuredatabricks.net/?o=7405611376491031#job/629728255784322/run/690329393547989
[2026-01-13T01:33:07.314+0000] {databricks.py:111} INFO - Sleeping for 30 seconds.
[2026-01-13T01:33:37.345+0000] {databricks_base.py:501} INFO - Using token auth.
[2026-01-13T01:33:37.952+0000] {databricks.py:109} INFO - get_rate_and_save in run state: {'life_cycle_state': 'PENDING', 'result_state': '', 'state_message': ''}
[2026-01-13T01:33:37.953+0000] {databricks.py:110} INFO - View run status, Spark UI, and logs at https://adb-7405611376491031.11.azuredatabricks.net/?o=7405611376491031#job/629728255784322/run/690329393547989
[2026-01-13T01:33:37.953+0000] {databricks.py:111} INFO - Sleeping for 30 seconds.
[2026-01-13T01:34:07.958+0000] {databricks_base.py:501} INFO - Using token auth.
[2026-01-13T01:34:08.362+0000] {databricks.py:109} INFO - get_rate_and_save in run state: {'life_cycle_state': 'PENDING', 'result_state': '', 'state_message': ''}
[2026-01-13T01:34:08.363+0000] {databricks.py:110} INFO - View run status, Spark UI, and logs at https://adb-7405611376491031.11.azuredatabricks.net/?o=7405611376491031#job/629728255784322/run/690329393547989
[2026-01-13T01:34:08.363+0000] {databricks.py:111} INFO - Sleeping for 30 seconds.
[2026-01-13T01:34:38.386+0000] {databricks_base.py:501} INFO - Using token auth.
[2026-01-13T01:34:39.170+0000] {databricks.py:109} INFO - get_rate_and_save in run state: {'life_cycle_state': 'PENDING', 'result_state': '', 'state_message': ''}
[2026-01-13T01:34:39.171+0000] {databricks.py:110} INFO - View run status, Spark UI, and logs at https://adb-7405611376491031.11.azuredatabricks.net/?o=7405611376491031#job/629728255784322/run/690329393547989
[2026-01-13T01:34:39.172+0000] {databricks.py:111} INFO - Sleeping for 30 seconds.
[2026-01-13T01:34:51.833+0000] {local_task_job_runner.py:121} ERROR - Received SIGTERM. Terminating subprocesses
[2026-01-13T01:34:51.835+0000] {process_utils.py:131} INFO - Sending Signals.SIGTERM to group 68. PIDs of all processes in the group: [68]
[2026-01-13T01:34:51.835+0000] {process_utils.py:86} INFO - Sending the signal Signals.SIGTERM to group 68
[2026-01-13T01:34:51.836+0000] {taskinstance.py:2450} ERROR - Received SIGTERM. Terminating subprocesses.
[2026-01-13T01:34:51.837+0000] {databricks_base.py:501} INFO - Using token auth.
[2026-01-13T01:34:51.884+0000] {local_task_job_runner.py:121} ERROR - Received SIGTERM. Terminating subprocesses
