[2026-01-13T05:50:07.102+0000] {taskinstance.py:1956} INFO - Dependencies all met for dep_context=non-requeueable deps ti=<TaskInstance: exchange_rate_crawler.get_rate_and_save scheduled__2026-01-13T05:40:00+00:00 [queued]>
[2026-01-13T05:50:07.117+0000] {taskinstance.py:1956} INFO - Dependencies all met for dep_context=requeueable deps ti=<TaskInstance: exchange_rate_crawler.get_rate_and_save scheduled__2026-01-13T05:40:00+00:00 [queued]>
[2026-01-13T05:50:07.117+0000] {taskinstance.py:2170} INFO - Starting attempt 1 of 2
[2026-01-13T05:50:07.146+0000] {taskinstance.py:2191} INFO - Executing <Task(DatabricksSubmitRunOperator): get_rate_and_save> on 2026-01-13 05:40:00+00:00
[2026-01-13T05:50:07.164+0000] {standard_task_runner.py:60} INFO - Started process 976 to run task
[2026-01-13T05:50:07.170+0000] {standard_task_runner.py:87} INFO - Running: ['airflow', 'tasks', 'run', 'exchange_rate_crawler', 'get_rate_and_save', 'scheduled__2026-01-13T05:40:00+00:00', '--job-id', '52', '--raw', '--subdir', 'DAGS_FOLDER/exchange_rate_dag.py', '--cfg-path', '/tmp/tmpfw_s2402']
[2026-01-13T05:50:07.173+0000] {standard_task_runner.py:88} INFO - Job 52: Subtask get_rate_and_save
[2026-01-13T05:50:07.247+0000] {task_command.py:423} INFO - Running <TaskInstance: exchange_rate_crawler.get_rate_and_save scheduled__2026-01-13T05:40:00+00:00 [running]> on host c971fff4d57a
[2026-01-13T05:50:07.364+0000] {taskinstance.py:2480} INFO - Exporting env vars: AIRFLOW_CTX_DAG_OWNER='airflow' AIRFLOW_CTX_DAG_ID='exchange_rate_crawler' AIRFLOW_CTX_TASK_ID='get_rate_and_save' AIRFLOW_CTX_EXECUTION_DATE='2026-01-13T05:40:00+00:00' AIRFLOW_CTX_TRY_NUMBER='1' AIRFLOW_CTX_DAG_RUN_ID='scheduled__2026-01-13T05:40:00+00:00'
[2026-01-13T05:50:07.374+0000] {base.py:83} INFO - Using connection ID 'databricks_default' for task execution.
[2026-01-13T05:50:07.603+0000] {databricks_base.py:501} INFO - Using token auth.
[2026-01-13T05:50:08.435+0000] {databricks.py:56} INFO - Run submitted with run_id: 142799372959974
[2026-01-13T05:50:08.436+0000] {databricks_base.py:501} INFO - Using token auth.
[2026-01-13T05:50:08.788+0000] {databricks_base.py:501} INFO - Using token auth.
[2026-01-13T05:50:09.037+0000] {databricks.py:109} INFO - get_rate_and_save in run state: {'life_cycle_state': 'PENDING', 'result_state': '', 'state_message': ''}
[2026-01-13T05:50:09.039+0000] {databricks.py:110} INFO - View run status, Spark UI, and logs at https://adb-7405611376491031.11.azuredatabricks.net/?o=7405611376491031#job/478657416570611/run/142799372959974
[2026-01-13T05:50:09.040+0000] {databricks.py:111} INFO - Sleeping for 30 seconds.
[2026-01-13T05:50:39.071+0000] {databricks_base.py:501} INFO - Using token auth.
[2026-01-13T05:50:39.746+0000] {databricks.py:67} INFO - get_rate_and_save completed successfully.
[2026-01-13T05:50:39.749+0000] {databricks.py:68} INFO - View run status, Spark UI, and logs at https://adb-7405611376491031.11.azuredatabricks.net/?o=7405611376491031#job/478657416570611/run/142799372959974
[2026-01-13T05:50:39.764+0000] {taskinstance.py:1138} INFO - Marking task as SUCCESS. dag_id=exchange_rate_crawler, task_id=get_rate_and_save, execution_date=20260113T054000, start_date=20260113T055007, end_date=20260113T055039
[2026-01-13T05:50:39.830+0000] {local_task_job_runner.py:234} INFO - Task exited with return code 0
[2026-01-13T05:50:39.869+0000] {taskinstance.py:3280} INFO - 0 downstream tasks scheduled from follow-on schedule check
