[2026-01-11T06:20:04.631+0000] {taskinstance.py:1956} INFO - Dependencies all met for dep_context=non-requeueable deps ti=<TaskInstance: exchange_rate_crawler.get_rate_and_save scheduled__2026-01-11T06:10:00+00:00 [queued]>
[2026-01-11T06:20:04.639+0000] {taskinstance.py:1956} INFO - Dependencies all met for dep_context=requeueable deps ti=<TaskInstance: exchange_rate_crawler.get_rate_and_save scheduled__2026-01-11T06:10:00+00:00 [queued]>
[2026-01-11T06:20:04.639+0000] {taskinstance.py:2170} INFO - Starting attempt 1 of 2
[2026-01-11T06:20:04.655+0000] {taskinstance.py:2191} INFO - Executing <Task(DatabricksSubmitRunOperator): get_rate_and_save> on 2026-01-11 06:10:00+00:00
[2026-01-11T06:20:04.666+0000] {standard_task_runner.py:60} INFO - Started process 307 to run task
[2026-01-11T06:20:04.673+0000] {standard_task_runner.py:87} INFO - Running: ['airflow', 'tasks', 'run', 'exchange_rate_crawler', 'get_rate_and_save', 'scheduled__2026-01-11T06:10:00+00:00', '--job-id', '20', '--raw', '--subdir', 'DAGS_FOLDER/exchange_rate_dag.py', '--cfg-path', '/tmp/tmpmi4xho1u']
[2026-01-11T06:20:04.678+0000] {standard_task_runner.py:88} INFO - Job 20: Subtask get_rate_and_save
[2026-01-11T06:20:04.723+0000] {task_command.py:423} INFO - Running <TaskInstance: exchange_rate_crawler.get_rate_and_save scheduled__2026-01-11T06:10:00+00:00 [running]> on host f8aa545bbc3a
[2026-01-11T06:20:04.797+0000] {taskinstance.py:2480} INFO - Exporting env vars: AIRFLOW_CTX_DAG_OWNER='airflow' AIRFLOW_CTX_DAG_ID='exchange_rate_crawler' AIRFLOW_CTX_TASK_ID='get_rate_and_save' AIRFLOW_CTX_EXECUTION_DATE='2026-01-11T06:10:00+00:00' AIRFLOW_CTX_TRY_NUMBER='1' AIRFLOW_CTX_DAG_RUN_ID='scheduled__2026-01-11T06:10:00+00:00'
[2026-01-11T06:20:04.803+0000] {base.py:83} INFO - Using connection ID 'databricks_default' for task execution.
[2026-01-11T06:20:04.951+0000] {databricks_base.py:501} INFO - Using token auth.
[2026-01-11T06:20:06.243+0000] {databricks.py:56} INFO - Run submitted with run_id: 38820025248401
[2026-01-11T06:20:06.244+0000] {databricks_base.py:501} INFO - Using token auth.
[2026-01-11T06:20:06.750+0000] {databricks_base.py:501} INFO - Using token auth.
[2026-01-11T06:20:07.069+0000] {databricks.py:109} INFO - get_rate_and_save in run state: {'life_cycle_state': 'RUNNING', 'result_state': '', 'state_message': 'In run'}
[2026-01-11T06:20:07.071+0000] {databricks.py:110} INFO - View run status, Spark UI, and logs at https://adb-7405611376491031.11.azuredatabricks.net/?o=7405611376491031#job/584793321187441/run/38820025248401
[2026-01-11T06:20:07.071+0000] {databricks.py:111} INFO - Sleeping for 30 seconds.
[2026-01-11T06:20:37.102+0000] {databricks_base.py:501} INFO - Using token auth.
[2026-01-11T06:20:37.556+0000] {databricks.py:67} INFO - get_rate_and_save completed successfully.
[2026-01-11T06:20:37.557+0000] {databricks.py:68} INFO - View run status, Spark UI, and logs at https://adb-7405611376491031.11.azuredatabricks.net/?o=7405611376491031#job/584793321187441/run/38820025248401
[2026-01-11T06:20:37.569+0000] {taskinstance.py:1138} INFO - Marking task as SUCCESS. dag_id=exchange_rate_crawler, task_id=get_rate_and_save, execution_date=20260111T061000, start_date=20260111T062004, end_date=20260111T062037
[2026-01-11T06:20:37.628+0000] {local_task_job_runner.py:234} INFO - Task exited with return code 0
[2026-01-11T06:20:37.640+0000] {taskinstance.py:3280} INFO - 0 downstream tasks scheduled from follow-on schedule check
