[2026-01-11T06:40:04.852+0000] {taskinstance.py:1956} INFO - Dependencies all met for dep_context=non-requeueable deps ti=<TaskInstance: exchange_rate_crawler.get_rate_and_save scheduled__2026-01-11T06:30:00+00:00 [queued]>
[2026-01-11T06:40:04.859+0000] {taskinstance.py:1956} INFO - Dependencies all met for dep_context=requeueable deps ti=<TaskInstance: exchange_rate_crawler.get_rate_and_save scheduled__2026-01-11T06:30:00+00:00 [queued]>
[2026-01-11T06:40:04.859+0000] {taskinstance.py:2170} INFO - Starting attempt 1 of 2
[2026-01-11T06:40:04.874+0000] {taskinstance.py:2191} INFO - Executing <Task(DatabricksSubmitRunOperator): get_rate_and_save> on 2026-01-11 06:30:00+00:00
[2026-01-11T06:40:04.883+0000] {standard_task_runner.py:60} INFO - Started process 363 to run task
[2026-01-11T06:40:04.889+0000] {standard_task_runner.py:87} INFO - Running: ['airflow', 'tasks', 'run', 'exchange_rate_crawler', 'get_rate_and_save', 'scheduled__2026-01-11T06:30:00+00:00', '--job-id', '22', '--raw', '--subdir', 'DAGS_FOLDER/exchange_rate_dag.py', '--cfg-path', '/tmp/tmpgzhb0euj']
[2026-01-11T06:40:04.891+0000] {standard_task_runner.py:88} INFO - Job 22: Subtask get_rate_and_save
[2026-01-11T06:40:04.935+0000] {task_command.py:423} INFO - Running <TaskInstance: exchange_rate_crawler.get_rate_and_save scheduled__2026-01-11T06:30:00+00:00 [running]> on host f8aa545bbc3a
[2026-01-11T06:40:05.001+0000] {taskinstance.py:2480} INFO - Exporting env vars: AIRFLOW_CTX_DAG_OWNER='airflow' AIRFLOW_CTX_DAG_ID='exchange_rate_crawler' AIRFLOW_CTX_TASK_ID='get_rate_and_save' AIRFLOW_CTX_EXECUTION_DATE='2026-01-11T06:30:00+00:00' AIRFLOW_CTX_TRY_NUMBER='1' AIRFLOW_CTX_DAG_RUN_ID='scheduled__2026-01-11T06:30:00+00:00'
[2026-01-11T06:40:05.007+0000] {base.py:83} INFO - Using connection ID 'databricks_default' for task execution.
[2026-01-11T06:40:05.102+0000] {databricks_base.py:501} INFO - Using token auth.
[2026-01-11T06:40:06.188+0000] {databricks.py:56} INFO - Run submitted with run_id: 615562786937975
[2026-01-11T06:40:06.188+0000] {databricks_base.py:501} INFO - Using token auth.
[2026-01-11T06:40:06.823+0000] {databricks_base.py:501} INFO - Using token auth.
[2026-01-11T06:40:07.303+0000] {databricks.py:109} INFO - get_rate_and_save in run state: {'life_cycle_state': 'PENDING', 'result_state': '', 'state_message': ''}
[2026-01-11T06:40:07.305+0000] {databricks.py:110} INFO - View run status, Spark UI, and logs at https://adb-7405611376491031.11.azuredatabricks.net/?o=7405611376491031#job/32595490923357/run/615562786937975
[2026-01-11T06:40:07.306+0000] {databricks.py:111} INFO - Sleeping for 30 seconds.
[2026-01-11T06:40:37.329+0000] {databricks_base.py:501} INFO - Using token auth.
[2026-01-11T06:40:37.816+0000] {databricks.py:67} INFO - get_rate_and_save completed successfully.
[2026-01-11T06:40:37.818+0000] {databricks.py:68} INFO - View run status, Spark UI, and logs at https://adb-7405611376491031.11.azuredatabricks.net/?o=7405611376491031#job/32595490923357/run/615562786937975
[2026-01-11T06:40:37.829+0000] {taskinstance.py:1138} INFO - Marking task as SUCCESS. dag_id=exchange_rate_crawler, task_id=get_rate_and_save, execution_date=20260111T063000, start_date=20260111T064004, end_date=20260111T064037
[2026-01-11T06:40:37.904+0000] {local_task_job_runner.py:234} INFO - Task exited with return code 0
[2026-01-11T06:40:37.918+0000] {taskinstance.py:3280} INFO - 0 downstream tasks scheduled from follow-on schedule check
