[2026-01-13T05:48:13.715+0000] {taskinstance.py:1956} INFO - Dependencies all met for dep_context=non-requeueable deps ti=<TaskInstance: exchange_rate_crawler.get_rate_and_save manual__2026-01-13T05:48:03.910871+00:00 [queued]>
[2026-01-13T05:48:13.726+0000] {taskinstance.py:1956} INFO - Dependencies all met for dep_context=requeueable deps ti=<TaskInstance: exchange_rate_crawler.get_rate_and_save manual__2026-01-13T05:48:03.910871+00:00 [queued]>
[2026-01-13T05:48:13.726+0000] {taskinstance.py:2170} INFO - Starting attempt 1 of 2
[2026-01-13T05:48:13.748+0000] {taskinstance.py:2191} INFO - Executing <Task(DatabricksSubmitRunOperator): get_rate_and_save> on 2026-01-13 05:48:03.910871+00:00
[2026-01-13T05:48:13.761+0000] {standard_task_runner.py:60} INFO - Started process 956 to run task
[2026-01-13T05:48:13.770+0000] {standard_task_runner.py:87} INFO - Running: ['airflow', 'tasks', 'run', 'exchange_rate_crawler', 'get_rate_and_save', 'manual__2026-01-13T05:48:03.910871+00:00', '--job-id', '50', '--raw', '--subdir', 'DAGS_FOLDER/exchange_rate_dag.py', '--cfg-path', '/tmp/tmpaadvyvpn']
[2026-01-13T05:48:13.772+0000] {standard_task_runner.py:88} INFO - Job 50: Subtask get_rate_and_save
[2026-01-13T05:48:13.820+0000] {task_command.py:423} INFO - Running <TaskInstance: exchange_rate_crawler.get_rate_and_save manual__2026-01-13T05:48:03.910871+00:00 [running]> on host c971fff4d57a
[2026-01-13T05:48:13.908+0000] {taskinstance.py:2480} INFO - Exporting env vars: AIRFLOW_CTX_DAG_OWNER='airflow' AIRFLOW_CTX_DAG_ID='exchange_rate_crawler' AIRFLOW_CTX_TASK_ID='get_rate_and_save' AIRFLOW_CTX_EXECUTION_DATE='2026-01-13T05:48:03.910871+00:00' AIRFLOW_CTX_TRY_NUMBER='1' AIRFLOW_CTX_DAG_RUN_ID='manual__2026-01-13T05:48:03.910871+00:00'
[2026-01-13T05:48:13.917+0000] {base.py:83} INFO - Using connection ID 'databricks_default' for task execution.
[2026-01-13T05:48:14.152+0000] {databricks_base.py:501} INFO - Using token auth.
[2026-01-13T05:48:15.298+0000] {databricks.py:56} INFO - Run submitted with run_id: 319413384490007
[2026-01-13T05:48:15.305+0000] {databricks_base.py:501} INFO - Using token auth.
[2026-01-13T05:48:15.897+0000] {databricks_base.py:501} INFO - Using token auth.
[2026-01-13T05:48:16.600+0000] {databricks.py:109} INFO - get_rate_and_save in run state: {'life_cycle_state': 'RUNNING', 'result_state': '', 'state_message': 'In run'}
[2026-01-13T05:48:16.606+0000] {databricks.py:110} INFO - View run status, Spark UI, and logs at https://adb-7405611376491031.11.azuredatabricks.net/?o=7405611376491031#job/372919738287417/run/319413384490007
[2026-01-13T05:48:16.606+0000] {databricks.py:111} INFO - Sleeping for 30 seconds.
[2026-01-13T05:48:46.639+0000] {databricks_base.py:501} INFO - Using token auth.
[2026-01-13T05:48:47.206+0000] {databricks.py:67} INFO - get_rate_and_save completed successfully.
[2026-01-13T05:48:47.207+0000] {databricks.py:68} INFO - View run status, Spark UI, and logs at https://adb-7405611376491031.11.azuredatabricks.net/?o=7405611376491031#job/372919738287417/run/319413384490007
[2026-01-13T05:48:47.214+0000] {taskinstance.py:1138} INFO - Marking task as SUCCESS. dag_id=exchange_rate_crawler, task_id=get_rate_and_save, execution_date=20260113T054803, start_date=20260113T054813, end_date=20260113T054847
[2026-01-13T05:48:47.267+0000] {local_task_job_runner.py:234} INFO - Task exited with return code 0
[2026-01-13T05:48:47.281+0000] {taskinstance.py:3280} INFO - 0 downstream tasks scheduled from follow-on schedule check
